<?xml version="1.0" encoding="UTF-8"?>
<!-- Generated by org.testng.reporters.JUnitXMLReporter -->
<testsuite hostname="DESKTOP-LNV4F6C" ignored="1" name="Test Set 1" tests="24" failures="2" timestamp="21 Aug 2019 11:54:49 GMT" time="0.257" errors="0">
  <testcase name="t3" time="0.032" classname="com.hsbc.testng.Testng2"/>
  <testcase name="a4" time="0.0" classname="com.hsbc.testng.Testng1"/>
  <testcase name="t1" time="0.016" classname="com.hsbc.testng.Testng1"/>
  <testcase name="t2" time="0.0" classname="com.hsbc.testng.Testng1"/>
  <testcase name="t3" time="0.0" classname="com.hsbc.testng.Testng1"/>
  <testcase name="a4" time="0.016" classname="com.hsbc.testng.Testng2"/>
  <testcase name="a4" time="0.0" classname="com.hsbc.testng.Testng3"/>
  <testcase name="t1" time="0.015" classname="com.hsbc.testng.Testng3"/>
  <testcase name="t1" time="0.0" classname="com.hsbc.testng.Testng3"/>
  <testcase name="t1" time="0.0" classname="com.hsbc.testng.Testng3"/>
  <testcase name="t1" time="0.0" classname="com.hsbc.testng.Testng3"/>
  <testcase name="t1" time="0.0" classname="com.hsbc.testng.Testng3"/>
  <testcase name="t1" time="0.0" classname="com.hsbc.testng.Testng3"/>
  <testcase name="t1" time="0.0" classname="com.hsbc.testng.Testng3"/>
  <testcase name="t1" time="0.015" classname="com.hsbc.testng.Testng3"/>
  <testcase name="t1" time="0.0" classname="com.hsbc.testng.Testng3"/>
  <testcase name="t1" time="0.0" classname="com.hsbc.testng.Testng3"/>
  <testcase name="t3" time="0.016" classname="com.hsbc.testng.Testng3"/>
  <testcase name="a4" time="0.0" classname="com.hsbc.testng.Testng4">
    <failure type="java.lang.AssertionError" message="Forced this mtd to fail...">
      <![CDATA[java.lang.AssertionError: Forced this mtd to fail...
	at com.hsbc.testng.Testng4.a4(Testng4.java:36)
... Removed 26 stack frames]]>
    </failure>
  </testcase> <!-- a4 -->
  <testcase name="t1" time="0.0" classname="com.hsbc.testng.Testng4"/>
  <testcase name="t2" time="0.0" classname="com.hsbc.testng.Testng4">
    <failure type="java.lang.AssertionError" message="expected [selenium] but found [Selenium]">
      <![CDATA[java.lang.AssertionError: expected [selenium] but found [Selenium]
	at com.hsbc.testng.Testng4.t2(Testng4.java:19)
... Removed 31 stack frames]]>
    </failure>
  </testcase> <!-- t2 -->
  <testcase name="t3" time="0.0" classname="com.hsbc.testng.Testng4"/>
  <testcase name="t2" time="0.016" classname="com.hsbc.testng.Testng2"/>
  <testcase name="t1" time="0.0" classname="com.hsbc.testng.Testng2"/>
  <testcase name="t2" time="0.0" classname="com.hsbc.testng.Testng3">
    <ignored/>
  </testcase> <!-- t2 -->
</testsuite> <!-- Test Set 1 -->
