<?xml version="1.0" encoding="UTF-8"?>
<testng-results skipped="0" failed="0" ignored="0" total="1" passed="1">
  <reporter-output>
    <line>
      <![CDATA[1,08,00,000 Results]]>
    </line>
  </reporter-output>
  <suite name="Day2Suite" duration-ms="15165" started-at="2019-08-25T13:14:31Z" finished-at="2019-08-25T13:14:47Z">
    <groups>
    </groups>
    <test name="BingValidation" duration-ms="15165" started-at="2019-08-25T13:14:31Z" finished-at="2019-08-25T13:14:47Z">
      <class name="com.hsbc.testcases.Day2_BingValidation">
        <test-method status="PASS" signature="initBrowser(java.lang.String, java.lang.String)[pri:0, instance:com.hsbc.testcases.Day2_BingValidation@67784306]" name="initBrowser" is-config="true" duration-ms="7000" started-at="2019-08-25T06:14:31Z" finished-at="2019-08-25T06:14:38Z">
          <params>
            <param index="0">
              <value>
                <![CDATA[chrome]]>
              </value>
            </param>
            <param index="1">
              <value>
                <![CDATA[https://www.bing.com/]]>
              </value>
            </param>
          </params>
          <reporter-output>
          </reporter-output>
        </test-method> <!-- initBrowser -->
        <test-method status="PASS" signature="bingValidation()[pri:0, instance:com.hsbc.testcases.Day2_BingValidation@67784306]" name="bingValidation" duration-ms="7451" started-at="2019-08-25T06:14:38Z" finished-at="2019-08-25T06:14:46Z">
          <reporter-output>
            <line>
              <![CDATA[1,08,00,000 Results]]>
            </line>
          </reporter-output>
        </test-method> <!-- bingValidation -->
        <test-method status="PASS" signature="exitBrowser()[pri:0, instance:com.hsbc.testcases.Day2_BingValidation@67784306]" name="exitBrowser" is-config="true" duration-ms="678" started-at="2019-08-25T06:14:46Z" finished-at="2019-08-25T06:14:47Z">
          <reporter-output>
          </reporter-output>
        </test-method> <!-- exitBrowser -->
      </class> <!-- com.hsbc.testcases.Day2_BingValidation -->
    </test> <!-- BingValidation -->
  </suite> <!-- Day2Suite -->
</testng-results>
